<?xml version="1.0" encoding="UTF-8"?>
<testng-results ignored="0" total="3" passed="3" failed="0" skipped="0">
  <reporter-output>
    <line>
      <![CDATA[Tc1 running]]>
    </line>
    <line>
      <![CDATA[m1 running]]>
    </line>
    <line>
      <![CDATA[Tc2.running]]>
    </line>
  </reporter-output>
  <suite started-at="2023-01-05T01:19:38 PST" name="Suite" finished-at="2023-01-05T01:19:39 PST" duration-ms="389">
    <groups>
    </groups>
    <test started-at="2023-01-05T01:19:38 PST" name="Test" finished-at="2023-01-05T01:19:39 PST" duration-ms="389">
      <class name="TestCses.Tc1test">
        <test-method signature="m3()[pri:0, instance:TestCses.Tc1test@37654521]" started-at="2023-01-05T01:19:39 PST" name="m3" finished-at="2023-01-05T01:19:39 PST" duration-ms="14" status="PASS">
          <reporter-output>
            <line>
              <![CDATA[Tc1 running]]>
            </line>
          </reporter-output>
        </test-method> <!-- m3 -->
      </class> <!-- TestCses.Tc1test -->
      <class name="TestCses.Tc3test">
        <test-method signature="m1()[pri:0, instance:TestCses.Tc3test@63a12c68]" started-at="2023-01-05T01:19:39 PST" name="m1" finished-at="2023-01-05T01:19:39 PST" duration-ms="2" status="PASS">
          <reporter-output>
            <line>
              <![CDATA[m1 running]]>
            </line>
          </reporter-output>
        </test-method> <!-- m1 -->
      </class> <!-- TestCses.Tc3test -->
      <class name="TestCses.Tc2test">
        <test-method signature="m2()[pri:0, instance:TestCses.Tc2test@28f3b248]" started-at="2023-01-05T01:19:39 PST" name="m2" finished-at="2023-01-05T01:19:39 PST" duration-ms="2" status="PASS">
          <reporter-output>
            <line>
              <![CDATA[Tc2.running]]>
            </line>
          </reporter-output>
        </test-method> <!-- m2 -->
      </class> <!-- TestCses.Tc2test -->
    </test> <!-- Test -->
  </suite> <!-- Suite -->
</testng-results>
